<?xml version="1.0" encoding="utf-8" standalone="no"?>
<!--This file represents the results of running a test suite-->
<test-results name="C:\Users\AIRAT\Documents\GitHub\Linda\Src\Linda.Core.Tests\bin\Debug\Linda.Core.Tests.dll" total="32" errors="0" failures="0" not-run="0" inconclusive="0" ignored="0" skipped="0" invalid="0" date="2013-08-15" time="12:10:57">
  <environment nunit-version="2.6.2.12296" clr-version="2.0.50727.5472" os-version="Microsoft Windows NT 6.1.7601 Service Pack 1" platform="Win32NT" cwd="C:\Users\AIRAT\Documents\GitHub\Linda\Src" machine-name="AIRAT-THINK" user="AIRAT" user-domain="AIRAT-THINK" />
  <culture-info current-culture="ru-RU" current-uiculture="ru-RU" />
  <test-suite type="Test Project" name="" executed="True" result="Success" success="True" time="4.046" asserts="0">
    <results>
      <test-suite type="Assembly" name="C:\Users\AIRAT\Documents\GitHub\Linda\Src\Linda.Core.Tests\bin\Debug\Linda.Core.Tests.dll" executed="True" result="Success" success="True" time="1.574" asserts="0">
        <results>
          <test-suite type="Namespace" name="Linda" executed="True" result="Success" success="True" time="1.555" asserts="0">
            <results>
              <test-suite type="Namespace" name="Core" executed="True" result="Success" success="True" time="1.553" asserts="0">
                <results>
                  <test-suite type="Namespace" name="Tests" executed="True" result="Success" success="True" time="1.553" asserts="0">
                    <results>
                      <test-suite type="TestFixture" name="DefaultConfigManagerTests" executed="True" result="Success" success="True" time="0.947" asserts="0">
                        <results>
                          <test-case name="Linda.Core.Tests.DefaultConfigManagerTests.Test_MultipleConfigGroup_ShouldPassMergeContentToDeserializer" executed="True" result="Success" success="True" time="0.797" asserts="2" />
                          <test-case name="Linda.Core.Tests.DefaultConfigManagerTests.Test_SingleConfigSource_ShouldPassContentToDeserializer" executed="True" result="Success" success="True" time="0.003" asserts="2" />
                          <test-case name="Linda.Core.Tests.DefaultConfigManagerTests.Test_SomeoneCallsGetConfig_ShouldOnceCallGetConfigGroups" executed="True" result="Success" success="True" time="0.117" asserts="0" />
                          <test-case name="Linda.Core.Tests.DefaultConfigManagerTests.Test_TwoConfigSource_ShouldPassMergeContentToDeserializer" executed="True" result="Success" success="True" time="0.003" asserts="2" />
                        </results>
                      </test-suite>
                      <test-suite type="TestFixture" name="DeserializerTests" executed="True" result="Success" success="True" time="0.277" asserts="0">
                        <results>
                          <test-case name="Linda.Core.Tests.DeserializerTests.Test_EmptyYamlString_ShouldReturnObjectWithTwoNullsProperties" executed="True" result="Success" success="True" time="0.004" asserts="1" />
                          <test-case name="Linda.Core.Tests.DeserializerTests.Test_OneArgumentInYamlString_ShouldReturnObjectWithTwoNullsProperties" executed="True" result="Success" success="True" time="0.257" asserts="1" />
                          <test-case name="Linda.Core.Tests.DeserializerTests.Test_SingleArgumentInYamlString_ShouldReturnObjectWithSingleNullProperty" executed="True" result="Success" success="True" time="0.007" asserts="1" />
                          <test-case name="Linda.Core.Tests.DeserializerTests.Test_ThreeArgumentsInYamlString_ShouldReturnObjectWithTwoArguments" executed="True" result="Success" success="True" time="0.003" asserts="1" />
                          <test-case name="Linda.Core.Tests.DeserializerTests.Test_TwoArgumentsInYamlString_ShouldReturnObjectWithTwoArguments" executed="True" result="Success" success="True" time="0.001" asserts="1" />
                        </results>
                      </test-suite>
                      <test-suite type="TestFixture" name="DirectoryBasedConfigLookupTests" executed="True" result="Success" success="True" time="0.254" asserts="0">
                        <results>
                          <test-case name="Linda.Core.Tests.DirectoryBasedConfigLookupTests.Test_HierarchyFiles_ShouldReturnGroupWithSixSources" executed="True" result="Success" success="True" time="0.210" asserts="5" />
                          <test-case name="Linda.Core.Tests.DirectoryBasedConfigLookupTests.Test_HierarchyFiles_ShouldReturnGroupWithThreeSources" executed="True" result="Success" success="True" time="0.021" asserts="5" />
                          <test-case name="Linda.Core.Tests.DirectoryBasedConfigLookupTests.Test_MultipleFiles_ShouldReturnGroupWithThreeSources" executed="True" result="Success" success="True" time="0.010" asserts="3" />
                          <test-case name="Linda.Core.Tests.DirectoryBasedConfigLookupTests.Test_SingleFile_ShouldReturnGroupWithSingleSource" executed="True" result="Success" success="True" time="0.008" asserts="3" />
                        </results>
                      </test-suite>
                      <test-suite type="TestFixture" name="FileBasedConfigLookupTests" executed="True" result="Success" success="True" time="0.064" asserts="0">
                        <results>
                          <test-case name="Linda.Core.Tests.FileBasedConfigLookupTests.Test_HierarchyFiles_ShouldReturnGroupWithFourSource" executed="True" result="Success" success="True" time="0.046" asserts="5" />
                          <test-case name="Linda.Core.Tests.FileBasedConfigLookupTests.Test_MultipleFiles_ShouldReturnGroupWithSingleSource" executed="True" result="Success" success="True" time="0.008" asserts="3" />
                          <test-case name="Linda.Core.Tests.FileBasedConfigLookupTests.Test_SingleFile_ShouldReturnGroupWithSingleSource" executed="True" result="Success" success="True" time="0.007" asserts="3" />
                        </results>
                      </test-suite>
                    </results>
                  </test-suite>
                </results>
              </test-suite>
            </results>
          </test-suite>
        </results>
      </test-suite>
      <test-suite type="Assembly" name="C:\Users\AIRAT\Documents\GitHub\Linda\Src\Linda.Core.AcceptanceTests\bin\Debug\Linda.Core.AcceptanceTests.dll" executed="True" result="Success" success="True" time="2.371" asserts="0">
        <results>
          <test-suite type="Namespace" name="Linda" executed="True" result="Success" success="True" time="2.353" asserts="0">
            <results>
              <test-suite type="Namespace" name="Core" executed="True" result="Success" success="True" time="2.352" asserts="0">
                <results>
                  <test-suite type="Namespace" name="AcceptanceTests" executed="True" result="Success" success="True" time="2.352" asserts="0">
                    <results>
                      <test-suite type="TestFixture" name="AllTypeTests" executed="True" result="Success" success="True" time="0.744" asserts="0">
                        <results>
                          <test-case name="Linda.Core.AcceptanceTests.AllTypeTests.Test_ShouldRerunStructConfig" executed="True" result="Success" success="True" time="0.612" asserts="3" />
                          <test-case name="Linda.Core.AcceptanceTests.AllTypeTests.Test_ShouldReturnAllTypeConfig" executed="True" result="Success" success="True" time="0.117" asserts="7" />
                        </results>
                      </test-suite>
                      <test-suite type="TestFixture" name="ComplexTests" executed="True" result="Success" success="True" time="0.600" asserts="0">
                        <results>
                          <test-case name="Linda.Core.AcceptanceTests.ComplexTests.Test_MultipleFiles_ShouldEqualComplexConfig" executed="True" result="Success" success="True" time="0.119" asserts="5" />
                          <test-case name="Linda.Core.AcceptanceTests.ComplexTests.Test_MultipleFiles_ShouldEqualDifferentConfigs" executed="True" result="Success" success="True" time="0.132" asserts="3" />
                          <test-case name="Linda.Core.AcceptanceTests.ComplexTests.Test_SingleFile_ShouldEqualComplexConfig" executed="True" result="Success" success="True" time="0.105" asserts="1" />
                          <test-case name="Linda.Core.AcceptanceTests.ComplexTests.Test_SingleFile_ShouldEqualComplexConfig1" executed="True" result="Success" success="True" time="0.125" asserts="1" />
                          <test-case name="Linda.Core.AcceptanceTests.ComplexTests.Test_SingleFile_ShouldEqualEmptyComplexComfig" executed="True" result="Success" success="True" time="0.106" asserts="1" />
                        </results>
                      </test-suite>
                      <test-suite type="TestFixture" name="FormatTests" executed="True" result="Success" success="True" time="0.447" asserts="0">
                        <results>
                          <test-case name="Linda.Core.AcceptanceTests.FormatTests.Test_ExpectedExceptionTestWithWronfYamlFiles" executed="True" result="Success" success="True" time="0.114" asserts="0" />
                          <test-case name="Linda.Core.AcceptanceTests.FormatTests.Test_GrapthConfig_ShouldLoadConfiguration" executed="True" result="Success" success="True" time="0.105" asserts="4" />
                          <test-case name="Linda.Core.AcceptanceTests.FormatTests.Test_ShouldLoadSimpleConfig" executed="True" result="Success" success="True" time="0.109" asserts="3" />
                          <test-case name="Linda.Core.AcceptanceTests.FormatTests.Test_SimpleConfig_ShouldLoadConfiguration" executed="True" result="Success" success="True" time="0.108" asserts="3" />
                        </results>
                      </test-suite>
                      <test-suite type="TestFixture" name="HierarchyTests" executed="True" result="Success" success="True" time="0.330" asserts="0">
                        <results>
                          <test-case name="Linda.Core.AcceptanceTests.HierarchyTests.HierarchyTestWithAnotherFiles" executed="True" result="Success" success="True" time="0.107" asserts="3" />
                          <test-case name="Linda.Core.AcceptanceTests.HierarchyTests.Test_DifferentValuesOnDifferentLevels_ShouldMergeValues" executed="True" result="Success" success="True" time="0.107" asserts="3" />
                          <test-case name="Linda.Core.AcceptanceTests.HierarchyTests.Test_SameValueOnMultipleValues_ShouldUseBottomLevelValue" executed="True" result="Success" success="True" time="0.111" asserts="2" />
                        </results>
                      </test-suite>
                      <test-suite type="TestFixture" name="StructureTests" executed="True" result="Success" success="True" time="0.216" asserts="0">
                        <results>
                          <test-case name="Linda.Core.AcceptanceTests.StructureTests.Test_MultipleFilesWithIdenticalProperties" executed="True" result="Success" success="True" time="0.105" asserts="2" />
                          <test-case name="Linda.Core.AcceptanceTests.StructureTests.Tests_MultipleFiles_ShouldMergeValues" executed="True" result="Success" success="True" time="0.105" asserts="3" />
                        </results>
                      </test-suite>
                    </results>
                  </test-suite>
                </results>
              </test-suite>
            </results>
          </test-suite>
        </results>
      </test-suite>
    </results>
  </test-suite>
</test-results>